nohup: ignoring input
^^^ sslp fwph ^^^
[    0.00] Initializing mpi-sppy
[    1.28] Initializing SPBase
[    2.72] Initializing PHBase
[    2.73] Starting spcomm.main()
Set parameter Username
Set parameter LicenseID to value 2704142
Set parameter Username
Set parameter LicenseID to value 2704142
Set parameter Username
Set parameter LicenseID to value 2704142
Set parameter Username
Set parameter LicenseID to value 2704142
Set parameter Username
Set parameter LicenseID to value 2704142
Set parameter Username
Set parameter LicenseID to value 2704142
Set parameter Username
Set parameter LicenseID to value 2704142
Set parameter Username
Set parameter LicenseID to value 2704142
Set parameter Username
Set parameter LicenseID to value 2704142
Set parameter Username
Set parameter LicenseID to value 2704142
Set parameter Username
Set parameter LicenseID to value 2704142
Set parameter Username
Set parameter LicenseID to value 2704142
Set parameter Username
Set parameter LicenseID to value 2704142
Set parameter Username
Set parameter LicenseID to value 2704142
Set parameter Username
Set parameter LicenseID to value 2704142
Academic license - for non-commercial use only - expires 2026-09-06
Academic license - for non-commercial use only - expires 2026-09-06
Academic license - for non-commercial use only - expires 2026-09-06
Academic license - for non-commercial use only - expires 2026-09-06
Academic license - for non-commercial use only - expires 2026-09-06
Academic license - for non-commercial use only - expires 2026-09-06
Academic license - for non-commercial use only - expires 2026-09-06
Academic license - for non-commercial use only - expires 2026-09-06
Academic license - for non-commercial use only - expires 2026-09-06
Academic license - for non-commercial use only - expires 2026-09-06
Academic license - for non-commercial use only - expires 2026-09-06
Set parameter Username
Set parameter LicenseID to value 2704142
Academic license - for non-commercial use only - expires 2026-09-06
Academic license - for non-commercial use only - expires 2026-09-06
Set parameter Username
Set parameter LicenseID to value 2704142
Set parameter Username
Set parameter LicenseID to value 2704142
Academic license - for non-commercial use only - expires 2026-09-06
Set parameter Username
Set parameter LicenseID to value 2704142
Set parameter Username
Set parameter LicenseID to value 2704142
Academic license - for non-commercial use only - expires 2026-09-06
Academic license - for non-commercial use only - expires 2026-09-06
Academic license - for non-commercial use only - expires 2026-09-06
Academic license - for non-commercial use only - expires 2026-09-06
Academic license - for non-commercial use only - expires 2026-09-06
Academic license - for non-commercial use only - expires 2026-09-06
[    2.80] Creating solvers
Set parameter Username
Set parameter LicenseID to value 2704142
Set parameter Username
Set parameter LicenseID to value 2704142
Set parameter Username
Set parameter LicenseID to value 2704142
Set parameter Username
Set parameter LicenseID to value 2704142
Set parameter Username
Set parameter LicenseID to value 2704142
Set parameter Username
Set parameter LicenseID to value 2704142
Set parameter Username
Set parameter LicenseID to value 2704142
Academic license - for non-commercial use only - expires 2026-09-06
Set parameter Username
Set parameter LicenseID to value 2704142
Set parameter Username
Set parameter LicenseID to value 2704142
Set parameter Username
Set parameter LicenseID to value 2704142
Set parameter Username
Set parameter LicenseID to value 2704142
Set parameter Username
Set parameter LicenseID to value 2704142
Set parameter Username
Set parameter LicenseID to value 2704142
Set parameter Username
Set parameter LicenseID to value 2704142
Set parameter Username
Set parameter LicenseID to value 2704142
Set parameter Username
Set parameter LicenseID to value 2704142
Set parameter Username
Set parameter LicenseID to value 2704142
Academic license - for non-commercial use only - expires 2026-09-06
Academic license - for non-commercial use only - expires 2026-09-06
Academic license - for non-commercial use only - expires 2026-09-06
Academic license - for non-commercial use only - expires 2026-09-06
Academic license - for non-commercial use only - expires 2026-09-06
Academic license - for non-commercial use only - expires 2026-09-06
Academic license - for non-commercial use only - expires 2026-09-06
Academic license - for non-commercial use only - expires 2026-09-06
Academic license - for non-commercial use only - expires 2026-09-06
Academic license - for non-commercial use only - expires 2026-09-06
Academic license - for non-commercial use only - expires 2026-09-06
Academic license - for non-commercial use only - expires 2026-09-06
Academic license - for non-commercial use only - expires 2026-09-06
Academic license - for non-commercial use only - expires 2026-09-06
Academic license - for non-commercial use only - expires 2026-09-06
Academic license - for non-commercial use only - expires 2026-09-06
Set parameter Username
Set parameter LicenseID to value 2704142
Set parameter Username
Set parameter LicenseID to value 2704142
Set parameter Username
Set parameter LicenseID to value 2704142
Academic license - for non-commercial use only - expires 2026-09-06
Academic license - for non-commercial use only - expires 2026-09-06
Academic license - for non-commercial use only - expires 2026-09-06
[    4.01] Entering solve loop in PHBase.Iter0
[   48.76] Iter.           Best Bound  Best Incumbent      Rel. Gap        Abs. Gap
[   48.76]     0  *         -352.2680             inf           inf%             inf
[  117.06]     1  * X       -352.1367       -352.1040         0.009%          0.0327
[  190.87]     2  *         -352.1107       -352.1040         0.002%          0.0067
[  251.15]     3  *         -352.1040       -352.1040         0.000%          0.0000
[  251.15] Terminating based on inter-cylinder absolute gap       0.0000
[  251.15] Terminating based on inter-cylinder relative gap        0.000%
[  251.16] Cylinder convergence
[  251.22] Hub algorithm FWPH complete, waiting for spoke finalization
[  251.28] Spoke XhatShuffleInnerBound finalized
[  251.25] Statistics at termination
[  251.25] Iter.           Best Bound  Best Incumbent      Rel. Gap        Abs. Gap
[  251.25]     3            -352.1040       -352.1040         0.000%          0.0000
[  251.25] Cylinder finalization complete
