nohup: ignoring input
[    0.00] Initializing mpi-sppy
[    2.48] Initializing SPBase
[    3.75] Initializing PHBase
[    3.76] Starting spcomm.main()
Set parameter Username
Set parameter LicenseID to value 2704142
Set parameter Username
Set parameter LicenseID to value 2704142
Set parameter Username
Set parameter LicenseID to value 2704142
Set parameter Username
Set parameter LicenseID to value 2704142
Set parameter Username
Set parameter LicenseID to value 2704142
Set parameter Username
Set parameter LicenseID to value 2704142
Set parameter Username
Set parameter LicenseID to value 2704142
Set parameter Username
Set parameter LicenseID to value 2704142
Set parameter Username
Set parameter LicenseID to value 2704142
Set parameter Username
Set parameter LicenseID to value 2704142
Set parameter Username
Set parameter LicenseID to value 2704142
Set parameter Username
Set parameter LicenseID to value 2704142
Set parameter Username
Set parameter LicenseID to value 2704142
Academic license - for non-commercial use only - expires 2026-09-06
Academic license - for non-commercial use only - expires 2026-09-06
Set parameter Username
Set parameter LicenseID to value 2704142
Set parameter Username
Set parameter LicenseID to value 2704142
Set parameter Username
Set parameter LicenseID to value 2704142
Academic license - for non-commercial use only - expires 2026-09-06
Academic license - for non-commercial use only - expires 2026-09-06
Academic license - for non-commercial use only - expires 2026-09-06
Set parameter Username
Set parameter Username
Set parameter LicenseID to value 2704142
Set parameter LicenseID to value 2704142
Set parameter Username
Set parameter LicenseID to value 2704142
Set parameter Username
Set parameter LicenseID to value 2704142
Academic license - for non-commercial use only - expires 2026-09-06
Set parameter Username
Set parameter LicenseID to value 2704142
Set parameter Username
Set parameter LicenseID to value 2704142
Set parameter Username
Set parameter Username
Set parameter LicenseID to value 2704142
Set parameter LicenseID to value 2704142
Set parameter Username
Academic license - for non-commercial use only - expires 2026-09-06
Set parameter LicenseID to value 2704142
Set parameter Username
Set parameter LicenseID to value 2704142
Set parameter Username
Set parameter LicenseID to value 2704142
Academic license - for non-commercial use only - expires 2026-09-06
Academic license - for non-commercial use only - expires 2026-09-06
Academic license - for non-commercial use only - expires 2026-09-06
Academic license - for non-commercial use only - expires 2026-09-06
Set parameter Username
Set parameter LicenseID to value 2704142
Set parameter Username
Set parameter LicenseID to value 2704142
Academic license - for non-commercial use only - expires 2026-09-06
Set parameter Username
Academic license - for non-commercial use only - expires 2026-09-06
Set parameter LicenseID to value 2704142
Academic license - for non-commercial use only - expires 2026-09-06
Academic license - for non-commercial use only - expires 2026-09-06
Academic license - for non-commercial use only - expires 2026-09-06
Academic license - for non-commercial use only - expires 2026-09-06
Set parameter Username
Set parameter LicenseID to value 2704142
Academic license - for non-commercial use only - expires 2026-09-06
Academic license - for non-commercial use only - expires 2026-09-06
Academic license - for non-commercial use only - expires 2026-09-06
Academic license - for non-commercial use only - expires 2026-09-06
Set parameter Username
Set parameter LicenseID to value 2704142
Academic license - for non-commercial use only - expires 2026-09-06
Academic license - for non-commercial use only - expires 2026-09-06
Academic license - for non-commercial use only - expires 2026-09-06
Academic license - for non-commercial use only - expires 2026-09-06
Academic license - for non-commercial use only - expires 2026-09-06
Set parameter Username
Set parameter LicenseID to value 2704142
Set parameter Username
Set parameter LicenseID to value 2704142
Set parameter Username
Set parameter LicenseID to value 2704142
Set parameter Username
Set parameter LicenseID to value 2704142
Academic license - for non-commercial use only - expires 2026-09-06
Academic license - for non-commercial use only - expires 2026-09-06
Set parameter Username
Set parameter LicenseID to value 2704142
Set parameter Username
Set parameter LicenseID to value 2704142
Set parameter Username
Set parameter LicenseID to value 2704142
Academic license - for non-commercial use only - expires 2026-09-06
Academic license - for non-commercial use only - expires 2026-09-06
Academic license - for non-commercial use only - expires 2026-09-06
Academic license - for non-commercial use only - expires 2026-09-06
Academic license - for non-commercial use only - expires 2026-09-06
Set parameter Username
Set parameter LicenseID to value 2704142
Academic license - for non-commercial use only - expires 2026-09-06
Academic license - for non-commercial use only - expires 2026-09-06
Academic license - for non-commercial use only - expires 2026-09-06
Academic license - for non-commercial use only - expires 2026-09-06
Academic license - for non-commercial use only - expires 2026-09-06
Set parameter Username
Set parameter LicenseID to value 2704142
Academic license - for non-commercial use only - expires 2026-09-06
Academic license - for non-commercial use only - expires 2026-09-06
[    3.80] Creating solvers
Set parameter Username
Set parameter LicenseID to value 2704142
Set parameter Username
Set parameter LicenseID to value 2704142
Set parameter Username
Set parameter LicenseID to value 2704142
Academic license - for non-commercial use only - expires 2026-09-06
Set parameter Username
Set parameter LicenseID to value 2704142
Set parameter Username
Set parameter LicenseID to value 2704142
Set parameter Username
Set parameter LicenseID to value 2704142
Set parameter Username
Set parameter LicenseID to value 2704142
Set parameter Username
Set parameter LicenseID to value 2704142
Set parameter Username
Set parameter LicenseID to value 2704142
Set parameter Username
Set parameter LicenseID to value 2704142
Academic license - for non-commercial use only - expires 2026-09-06
Set parameter Username
Set parameter LicenseID to value 2704142
Set parameter Username
Set parameter LicenseID to value 2704142
Academic license - for non-commercial use only - expires 2026-09-06
Set parameter Username
Set parameter Username
Set parameter LicenseID to value 2704142
Set parameter LicenseID to value 2704142
Academic license - for non-commercial use only - expires 2026-09-06
Set parameter Username
Set parameter LicenseID to value 2704142
Set parameter Username
Set parameter LicenseID to value 2704142
Academic license - for non-commercial use only - expires 2026-09-06
Academic license - for non-commercial use only - expires 2026-09-06
Academic license - for non-commercial use only - expires 2026-09-06
Academic license - for non-commercial use only - expires 2026-09-06
Academic license - for non-commercial use only - expires 2026-09-06
Academic license - for non-commercial use only - expires 2026-09-06
Set parameter Username
Set parameter LicenseID to value 2704142
Academic license - for non-commercial use only - expires 2026-09-06
Academic license - for non-commercial use only - expires 2026-09-06
Academic license - for non-commercial use only - expires 2026-09-06
Academic license - for non-commercial use only - expires 2026-09-06
Academic license - for non-commercial use only - expires 2026-09-06
Set parameter Username
Set parameter LicenseID to value 2704142
Academic license - for non-commercial use only - expires 2026-09-06
Set parameter Username
Set parameter LicenseID to value 2704142
Academic license - for non-commercial use only - expires 2026-09-06
Set parameter Username
Set parameter LicenseID to value 2704142
Academic license - for non-commercial use only - expires 2026-09-06
Academic license - for non-commercial use only - expires 2026-09-06
Academic license - for non-commercial use only - expires 2026-09-06
Set parameter Username
Set parameter LicenseID to value 2704142
Academic license - for non-commercial use only - expires 2026-09-06
Set parameter Username
Set parameter LicenseID to value 2704142
Academic license - for non-commercial use only - expires 2026-09-06
Set parameter Username
Set parameter LicenseID to value 2704142
Academic license - for non-commercial use only - expires 2026-09-06
Academic license - for non-commercial use only - expires 2026-09-06
Set parameter Username
Set parameter LicenseID to value 2704142
Set parameter Username
Set parameter LicenseID to value 2704142
Set parameter Username
Set parameter LicenseID to value 2704142
Set parameter Username
Set parameter LicenseID to value 2704142
Set parameter Username
Set parameter LicenseID to value 2704142
Set parameter Username
Set parameter LicenseID to value 2704142
Set parameter Username
Set parameter LicenseID to value 2704142
Set parameter Username
Set parameter LicenseID to value 2704142
Academic license - for non-commercial use only - expires 2026-09-06
Set parameter Username
Set parameter LicenseID to value 2704142
Academic license - for non-commercial use only - expires 2026-09-06
Set parameter Username
Set parameter LicenseID to value 2704142
Set parameter Username
Set parameter LicenseID to value 2704142
Set parameter Username
Set parameter LicenseID to value 2704142
Academic license - for non-commercial use only - expires 2026-09-06
Academic license - for non-commercial use only - expires 2026-09-06
Academic license - for non-commercial use only - expires 2026-09-06
Set parameter Username
Set parameter LicenseID to value 2704142
Academic license - for non-commercial use only - expires 2026-09-06
Academic license - for non-commercial use only - expires 2026-09-06
Academic license - for non-commercial use only - expires 2026-09-06
Academic license - for non-commercial use only - expires 2026-09-06
Academic license - for non-commercial use only - expires 2026-09-06
Academic license - for non-commercial use only - expires 2026-09-06
Academic license - for non-commercial use only - expires 2026-09-06
Academic license - for non-commercial use only - expires 2026-09-06
Set parameter Username
Set parameter LicenseID to value 2704142
Set parameter Username
Set parameter LicenseID to value 2704142
Set parameter Username
Set parameter LicenseID to value 2704142
Academic license - for non-commercial use only - expires 2026-09-06
Academic license - for non-commercial use only - expires 2026-09-06
Academic license - for non-commercial use only - expires 2026-09-06
[    4.47] Entering solve loop in PHBase.Iter0
[   13.40] Iter.           Best Bound  Best Incumbent      Rel. Gap        Abs. Gap
[   13.40]     0  *         -354.0845             inf           inf%             inf
[   13.41] Reached user-specified limit=0 on number of FWPH iterations
[   13.48] Hub algorithm FWPH complete, waiting for spoke finalization
[   14.81] Spoke XhatShuffleInnerBound finalized
[   15.42] Statistics at termination
[   15.42] Iter.           Best Bound  Best Incumbent      Rel. Gap        Abs. Gap
[   15.42]     0    X       -354.0845       -345.1365         2.527%          8.9480
[   15.42] Cylinder finalization complete
