nohup: ignoring input
^^^ sslp fwph ^^^
[    0.00] Initializing mpi-sppy
[    2.16] Initializing SPBase
[    3.60] Initializing PHBase
[    3.60] Starting spcomm.main()
Set parameter Username
Set parameter LicenseID to value 2704142
Set parameter Username
Set parameter LicenseID to value 2704142
Set parameter Username
Set parameter LicenseID to value 2704142
Set parameter Username
Set parameter LicenseID to value 2704142
Set parameter Username
Set parameter LicenseID to value 2704142
Set parameter Username
Set parameter LicenseID to value 2704142
Set parameter Username
Set parameter LicenseID to value 2704142
Set parameter Username
Set parameter LicenseID to value 2704142
Set parameter Username
Set parameter LicenseID to value 2704142
Set parameter Username
Set parameter LicenseID to value 2704142
Set parameter Username
Set parameter LicenseID to value 2704142
Set parameter Username
Set parameter LicenseID to value 2704142
Set parameter Username
Set parameter LicenseID to value 2704142
Set parameter Username
Set parameter LicenseID to value 2704142
Set parameter Username
Set parameter LicenseID to value 2704142
Set parameter Username
Set parameter LicenseID to value 2704142
Set parameter Username
Set parameter LicenseID to value 2704142
Academic license - for non-commercial use only - expires 2026-09-06
Academic license - for non-commercial use only - expires 2026-09-06
Academic license - for non-commercial use only - expires 2026-09-06
Academic license - for non-commercial use only - expires 2026-09-06
Academic license - for non-commercial use only - expires 2026-09-06
Academic license - for non-commercial use only - expires 2026-09-06
Academic license - for non-commercial use only - expires 2026-09-06
Academic license - for non-commercial use only - expires 2026-09-06
Academic license - for non-commercial use only - expires 2026-09-06
Academic license - for non-commercial use only - expires 2026-09-06
Academic license - for non-commercial use only - expires 2026-09-06
Academic license - for non-commercial use only - expires 2026-09-06
Academic license - for non-commercial use only - expires 2026-09-06
Academic license - for non-commercial use only - expires 2026-09-06
Set parameter Username
Set parameter LicenseID to value 2704142
Set parameter Username
Set parameter LicenseID to value 2704142
Academic license - for non-commercial use only - expires 2026-09-06
Academic license - for non-commercial use only - expires 2026-09-06
Academic license - for non-commercial use only - expires 2026-09-06
Set parameter Username
Set parameter LicenseID to value 2704142
Academic license - for non-commercial use only - expires 2026-09-06
Academic license - for non-commercial use only - expires 2026-09-06
Academic license - for non-commercial use only - expires 2026-09-06
[    3.66] Creating solvers
Set parameter Username
Set parameter LicenseID to value 2704142
Set parameter Username
Set parameter Username
Set parameter LicenseID to value 2704142
Set parameter LicenseID to value 2704142
Set parameter Username
Set parameter LicenseID to value 2704142
Academic license - for non-commercial use only - expires 2026-09-06
Academic license - for non-commercial use only - expires 2026-09-06
Academic license - for non-commercial use only - expires 2026-09-06
Set parameter Username
Academic license - for non-commercial use only - expires 2026-09-06
Set parameter Username
Set parameter Username
Set parameter LicenseID to value 2704142
Set parameter Username
Set parameter LicenseID to value 2704142
Set parameter Username
Set parameter LicenseID to value 2704142
Set parameter Username
Set parameter LicenseID to value 2704142
Set parameter LicenseID to value 2704142
Set parameter Username
Set parameter LicenseID to value 2704142
Set parameter LicenseID to value 2704142
Set parameter Username
Set parameter LicenseID to value 2704142
Set parameter Username
Set parameter LicenseID to value 2704142
Set parameter Username
Set parameter LicenseID to value 2704142
Set parameter Username
Set parameter LicenseID to value 2704142
Set parameter Username
Set parameter LicenseID to value 2704142
Set parameter Username
Set parameter LicenseID to value 2704142
Academic license - for non-commercial use only - expires 2026-09-06
Academic license - for non-commercial use only - expires 2026-09-06
Academic license - for non-commercial use only - expires 2026-09-06
Academic license - for non-commercial use only - expires 2026-09-06
Academic license - for non-commercial use only - expires 2026-09-06
Academic license - for non-commercial use only - expires 2026-09-06
Set parameter Username
Set parameter LicenseID to value 2704142
Set parameter Username
Set parameter Username
Set parameter LicenseID to value 2704142
Set parameter LicenseID to value 2704142
Academic license - for non-commercial use only - expires 2026-09-06
Academic license - for non-commercial use only - expires 2026-09-06
Academic license - for non-commercial use only - expires 2026-09-06
Academic license - for non-commercial use only - expires 2026-09-06
Academic license - for non-commercial use only - expires 2026-09-06
Academic license - for non-commercial use only - expires 2026-09-06
Academic license - for non-commercial use only - expires 2026-09-06
Academic license - for non-commercial use only - expires 2026-09-06
Academic license - for non-commercial use only - expires 2026-09-06
Academic license - for non-commercial use only - expires 2026-09-06
[    4.84] Entering solve loop in PHBase.Iter0
[   62.27] Iter.           Best Bound  Best Incumbent      Rel. Gap        Abs. Gap
[   62.27]     0  *         -352.3650             inf           inf%             inf
[  125.59]     1    X       -352.3650       -352.1040         0.074%          0.2610
[  188.21]     2  *         -352.3644       -352.1040         0.074%          0.2604
[  251.62]     3  *         -352.3633       -352.1040         0.074%          0.2593
[  315.62]     4            -352.3633       -352.1040         0.074%          0.2593
[  377.85]     5            -352.3633       -352.1040         0.074%          0.2593
[  440.87]     6            -352.3633       -352.1040         0.074%          0.2593
[  504.99]     7            -352.3633       -352.1040         0.074%          0.2593
[  568.12]     8            -352.3633       -352.1040         0.074%          0.2593
[  628.84]     9  *         -352.3604       -352.1040         0.073%          0.2564
[  628.84] FWPH convergence metric=0.000000 dropped below user-supplied threshold=0.000000
[  628.91] Hub algorithm FWPH complete, waiting for spoke finalization
[  629.55] Spoke XhatShuffleInnerBound finalized
[  630.44] Statistics at termination
[  630.44] Iter.           Best Bound  Best Incumbent      Rel. Gap        Abs. Gap
[  630.44]     9            -352.3604       -352.1040         0.073%          0.2564
[  630.44] Cylinder finalization complete
